[2019-06-29 18:07:33.060] [exthost] [info] extension host started
[2019-06-29 18:07:33.164] [exthost] [info] ExtensionService#_doActivateExtension vscode.typescript-language-features {"startup":false,"activationEvent":"onLanguage:javascript"}
[2019-06-29 18:07:33.164] [exthost] [info] ExtensionService#loadCommonJSModule /usr/share/code/resources/app/extensions/typescript-language-features/dist/extension
[2019-06-29 18:07:33.201] [exthost] [info] ExtensionService#_doActivateExtension mgmcdermott.vscode-language-babel {"startup":false,"activationEvent":"onLanguage:javascript"}
[2019-06-29 18:07:33.201] [exthost] [info] ExtensionService#loadCommonJSModule /home/prasanna/.vscode/extensions/mgmcdermott.vscode-language-babel-0.0.22/dist/extension
[2019-06-29 18:07:33.211] [exthost] [info] ExtensionService#_doActivateExtension vscode.debug-auto-launch {"startup":true,"activationEvent":"*"}
[2019-06-29 18:07:33.211] [exthost] [info] ExtensionService#loadCommonJSModule /usr/share/code/resources/app/extensions/debug-auto-launch/dist/extension
[2019-06-29 18:07:33.214] [exthost] [info] ExtensionService#_doActivateExtension vscode.emmet {"startup":true,"activationEvent":"*"}
[2019-06-29 18:07:33.214] [exthost] [info] ExtensionService#loadCommonJSModule /usr/share/code/resources/app/extensions/emmet/dist/extension
[2019-06-29 18:07:33.222] [exthost] [info] ExtensionService#_doActivateExtension vscode.git {"startup":true,"activationEvent":"*"}
[2019-06-29 18:07:33.222] [exthost] [info] ExtensionService#loadCommonJSModule /usr/share/code/resources/app/extensions/git/dist/main
[2019-06-29 18:07:33.274] [exthost] [info] ExtensionService#_doActivateExtension vscode.merge-conflict {"startup":true,"activationEvent":"*"}
[2019-06-29 18:07:33.274] [exthost] [info] ExtensionService#loadCommonJSModule /usr/share/code/resources/app/extensions/merge-conflict/dist/extension
[2019-06-29 18:07:33.279] [exthost] [info] ExtensionService#_doActivateExtension dbaeumer.vscode-eslint {"startup":true,"activationEvent":"*"}
[2019-06-29 18:07:33.279] [exthost] [info] ExtensionService#loadCommonJSModule /home/prasanna/.vscode/extensions/dbaeumer.vscode-eslint-1.9.0/client/out/extension
[2019-06-29 18:07:33.299] [exthost] [info] ExtensionService#_doActivateExtension eamodio.gitlens {"startup":true,"activationEvent":"*"}
[2019-06-29 18:07:33.299] [exthost] [info] ExtensionService#loadCommonJSModule /home/prasanna/.vscode/extensions/eamodio.gitlens-9.8.2/dist/extension
[2019-06-29 18:07:33.378] [exthost] [info] ExtensionService#_doActivateExtension esbenp.prettier-vscode {"startup":true,"activationEvent":"*"}
[2019-06-29 18:07:33.378] [exthost] [info] ExtensionService#loadCommonJSModule /home/prasanna/.vscode/extensions/esbenp.prettier-vscode-1.9.0/out/src/extension
[2019-06-29 18:07:33.561] [exthost] [info] ExtensionService#_doActivateExtension ritwickdey.LiveServer {"startup":true,"activationEvent":"*"}
[2019-06-29 18:07:33.561] [exthost] [info] ExtensionService#loadCommonJSModule /home/prasanna/.vscode/extensions/ritwickdey.liveserver-5.6.1/out/src/extension
[2019-06-29 18:07:34.141] [exthost] [info] ExtensionService#_doActivateExtension WallabyJs.quokka-vscode {"startup":true,"activationEvent":"*"}
[2019-06-29 18:07:34.141] [exthost] [info] ExtensionService#loadCommonJSModule /home/prasanna/.vscode/extensions/wallabyjs.quokka-vscode-1.0.231/index
[2019-06-29 18:07:34.143] [exthost] [info] eager extensions activated
[2019-06-29 18:08:09.838] [exthost] [info] ExtensionService#_doActivateExtension vscode.configuration-editing {"startup":false,"activationEvent":"onLanguage:json"}
[2019-06-29 18:08:09.839] [exthost] [info] ExtensionService#loadCommonJSModule /usr/share/code/resources/app/extensions/configuration-editing/dist/extension
[2019-06-29 18:08:09.849] [exthost] [info] ExtensionService#_doActivateExtension vscode.extension-editing {"startup":false,"activationEvent":"onLanguage:json"}
[2019-06-29 18:08:09.849] [exthost] [info] ExtensionService#loadCommonJSModule /usr/share/code/resources/app/extensions/extension-editing/dist/extension
[2019-06-29 18:08:09.878] [exthost] [info] ExtensionService#_doActivateExtension vscode.json-language-features {"startup":false,"activationEvent":"onLanguage:json"}
[2019-06-29 18:08:09.878] [exthost] [info] ExtensionService#loadCommonJSModule /usr/share/code/resources/app/extensions/json-language-features/client/dist/jsonMain
[2019-06-29 18:08:09.913] [exthost] [info] ExtensionService#_doActivateExtension vscode.npm {"startup":false,"activationEvent":"onLanguage:json"}
[2019-06-29 18:08:09.913] [exthost] [info] ExtensionService#loadCommonJSModule /usr/share/code/resources/app/extensions/npm/dist/main
