26/6/2019, 3:16:24 PM:
----------------------
Unexpected token (/home/prasanna/Documents/prasanna/exe2.js:3:14)
  1 | class day{
  2 | 	  
> 3 | 	   function check(e)
    | 	            ^
  4 | {
  5 |   let p=0;
  6 |   if(c.checked==true)

26/6/2019, 3:16:44 PM:
----------------------
Unexpected token (/home/prasanna/Documents/prasanna/exe2.js:3:14)
  1 | class day{
  2 | 	  
> 3 | 	   function check(e)
    | 	            ^
  4 | {
  5 |   let p=0;
  6 |   if(c.checked==true)

26/6/2019, 3:20:27 PM:
----------------------
Unexpected token (/home/prasanna/Documents/prasanna/exe2.js:3:14)
  1 | class day{
  2 | 	  
> 3 | 	   function check(e)
    | 	            ^
  4 | {
  5 |   let p=0;
  6 |   if(c.checked==true)

26/6/2019, 3:52:49 PM:
----------------------
Unexpected token (/home/prasanna/Documents/prasanna/exe2.js:2:6)
  1 | class day{
> 2 | 	var names = document.getElementsByName("days");
    | 	    ^
  3 |     var identi= document.getElementById("cb8");
  4 |     var ln=names.length;
  5 | 	  

26/6/2019, 4:05:58 PM:
----------------------
Unexpected token (/home/prasanna/Documents/prasanna/exe2.js:2:6)
  1 | class day{
> 2 | 	var names = document.getElementsByName("days");
    | 	    ^
  3 |     var identi= document.getElementById("cb8");
  4 |     var ln=names.length;
  5 | 	  

26/6/2019, 4:22:28 PM:
----------------------
Unexpected token (/home/prasanna/Documents/prasanna/exe2.js:2:6)
  1 | class day{
> 2 | 	var names = document.getElementsByName("days");
    | 	    ^
  3 |     var identi= document.getElementById("cb8");
  4 |     var ln=names.length;
  5 | 	  

26/6/2019, 5:05:15 PM:
----------------------
Unexpected token (/home/prasanna/Documents/prasanna/exe2.js:2:6)
  1 | class day{
> 2 | 	var names = document.getElementsByName("days");
    | 	    ^
  3 |     var identi= document.getElementById("cb8");
  4 |     var ln=names.length;
  5 | 	  

