[    14.449] (--) Log file renamed from "/home/prasanna/.local/share/xorg/Xorg.pid-1248.log" to "/home/prasanna/.local/share/xorg/Xorg.0.log"
[    14.450] 
X.Org X Server 1.20.1
X Protocol Version 11, Revision 0
[    14.450] Build Operating System: Linux 4.4.0-140-generic x86_64 Ubuntu
[    14.450] Current Operating System: Linux prasanna-Latitude-E7450 4.18.0-24-generic #25~18.04.1-Ubuntu SMP Thu Jun 20 11:13:08 UTC 2019 x86_64
[    14.450] Kernel command line: BOOT_IMAGE=/boot/vmlinuz-4.18.0-24-generic root=UUID=ca3d3b36-e875-4b9e-9702-b4d0f5b51a60 ro quiet splash vt.handoff=1
[    14.450] Build Date: 27 November 2018  05:27:12PM
[    14.450] xorg-server-hwe-18.04 2:1.20.1-3ubuntu2.1~18.04.1 (For technical support please see http://www.ubuntu.com/support) 
[    14.450] Current version of pixman: 0.34.0
[    14.450] 	Before reporting problems, check http://wiki.x.org
	to make sure that you have the latest version.
[    14.450] Markers: (--) probed, (**) from config file, (==) default setting,
	(++) from command line, (!!) notice, (II) informational,
	(WW) warning, (EE) error, (NI) not implemented, (??) unknown.
[    14.450] (==) Log file: "/home/prasanna/.local/share/xorg/Xorg.0.log", Time: Tue Jul  2 09:49:16 2019
[    14.451] (==) Using system config directory "/usr/share/X11/xorg.conf.d"
[    14.452] (==) No Layout section.  Using the first Screen section.
[    14.452] (==) No screen section available. Using defaults.
[    14.452] (**) |-->Screen "Default Screen Section" (0)
[    14.452] (**) |   |-->Monitor "<default monitor>"
[    14.453] (==) No monitor specified for screen "Default Screen Section".
	Using a default monitor configuration.
[    14.453] (==) Automatically adding devices
[    14.453] (==) Automatically enabling devices
[    14.453] (==) Automatically adding GPU devices
[    14.453] (==) Automatically binding GPU devices
[    14.453] (==) Max clients allowed: 256, resource mask: 0x1fffff
[    14.453] (WW) The directory "/usr/share/fonts/X11/cyrillic" does not exist.
[    14.453] 	Entry deleted from font path.
[    14.453] (WW) The directory "/usr/share/fonts/X11/100dpi/" does not exist.
[    14.453] 	Entry deleted from font path.
[    14.453] (WW) The directory "/usr/share/fonts/X11/75dpi/" does not exist.
[    14.453] 	Entry deleted from font path.
[    14.453] (WW) The directory "/usr/share/fonts/X11/100dpi" does not exist.
[    14.453] 	Entry deleted from font path.
[    14.453] (WW) The directory "/usr/share/fonts/X11/75dpi" does not exist.
[    14.453] 	Entry deleted from font path.
[    14.453] (==) FontPath set to:
	/usr/share/fonts/X11/misc,
	/usr/share/fonts/X11/Type1,
	built-ins
[    14.453] (==) ModulePath set to "/usr/lib/xorg/modules"
[    14.453] (II) The server relies on udev to provide the list of input devices.
	If no devices become available, reconfigure udev or disable AutoAddDevices.
[    14.453] (II) Loader magic: 0x55d2d5630020
[    14.453] (II) Module ABI versions:
[    14.453] 	X.Org ANSI C Emulation: 0.4
[    14.453] 	X.Org Video Driver: 24.0
[    14.453] 	X.Org XInput driver : 24.1
[    14.453] 	X.Org Server Extension : 10.0
[    14.453] (++) using VT number 2

[    14.455] (II) systemd-logind: took control of session /org/freedesktop/login1/session/_32
[    14.456] (II) xfree86: Adding drm device (/dev/dri/card0)
[    14.457] (II) systemd-logind: got fd for /dev/dri/card0 226:0 fd 12 paused 0
[    14.460] (--) PCI:*(0@0:2:0) 8086:1616:1028:062e rev 9, Mem @ 0xf6000000/16777216, 0xe0000000/268435456, I/O @ 0x0000f000/64, BIOS @ 0x????????/131072
[    14.460] (II) LoadModule: "glx"
[    14.460] (II) Loading /usr/lib/xorg/modules/extensions/libglx.so
[    14.463] (II) Module glx: vendor="X.Org Foundation"
[    14.463] 	compiled for 1.20.1, module version = 1.0.0
[    14.463] 	ABI class: X.Org Server Extension, version 10.0
[    14.463] (==) Matched modesetting as autoconfigured driver 0
[    14.463] (==) Matched fbdev as autoconfigured driver 1
[    14.463] (==) Matched vesa as autoconfigured driver 2
[    14.463] (==) Assigned the driver to the xf86ConfigLayout
[    14.463] (II) LoadModule: "modesetting"
[    14.463] (II) Loading /usr/lib/xorg/modules/drivers/modesetting_drv.so
[    14.464] (II) Module modesetting: vendor="X.Org Foundation"
[    14.464] 	compiled for 1.20.1, module version = 1.20.1
[    14.464] 	Module class: X.Org Video Driver
[    14.464] 	ABI class: X.Org Video Driver, version 24.0
[    14.464] (II) LoadModule: "fbdev"
[    14.465] (II) Loading /usr/lib/xorg/modules/drivers/fbdev_drv.so
[    14.465] (II) Module fbdev: vendor="X.Org Foundation"
[    14.465] 	compiled for 1.20.1, module version = 0.5.0
[    14.465] 	Module class: X.Org Video Driver
[    14.465] 	ABI class: X.Org Video Driver, version 24.0
[    14.465] (II) LoadModule: "vesa"
[    14.465] (II) Loading /usr/lib/xorg/modules/drivers/vesa_drv.so
[    14.466] (II) Module vesa: vendor="X.Org Foundation"
[    14.466] 	compiled for 1.20.1, module version = 2.4.0
[    14.466] 	Module class: X.Org Video Driver
[    14.466] 	ABI class: X.Org Video Driver, version 24.0
[    14.466] (II) modesetting: Driver for Modesetting Kernel Drivers: kms
[    14.466] (II) FBDEV: driver for framebuffer: fbdev
[    14.466] (II) VESA: driver for VESA chipsets: vesa
[    14.466] xf86EnableIOPorts: failed to set IOPL for I/O (Operation not permitted)
[    14.466] (II) modeset(0): using drv /dev/dri/card0
[    14.466] (WW) Falling back to old probe method for fbdev
[    14.466] (II) Loading sub module "fbdevhw"
[    14.466] (II) LoadModule: "fbdevhw"
[    14.466] (II) Loading /usr/lib/xorg/modules/libfbdevhw.so
[    14.467] (II) Module fbdevhw: vendor="X.Org Foundation"
[    14.467] 	compiled for 1.20.1, module version = 0.0.2
[    14.467] 	ABI class: X.Org Video Driver, version 24.0
[    14.467] (EE) open /dev/fb0: Permission denied
[    14.467] (WW) VGA arbiter: cannot open kernel arbiter, no multi-card support
[    14.467] (II) modeset(0): Creating default Display subsection in Screen section
	"Default Screen Section" for depth/fbbpp 24/32
[    14.467] (==) modeset(0): Depth 24, (==) framebuffer bpp 32
[    14.467] (==) modeset(0): RGB weight 888
[    14.467] (==) modeset(0): Default visual is TrueColor
[    14.467] (II) Loading sub module "glamoregl"
[    14.467] (II) LoadModule: "glamoregl"
[    14.467] (II) Loading /usr/lib/xorg/modules/libglamoregl.so
[    14.471] (II) Module glamoregl: vendor="X.Org Foundation"
[    14.471] 	compiled for 1.20.1, module version = 1.0.1
[    14.471] 	ABI class: X.Org ANSI C Emulation, version 0.4
[    14.484] (II) modeset(0): glamor X acceleration enabled on Mesa DRI Intel(R) HD Graphics 5500 (Broadwell GT2) 
[    14.484] (II) modeset(0): glamor initialized
[    14.484] (II) modeset(0): Output eDP-1 has no monitor section
[    14.485] (II) modeset(0): Output DP-1 has no monitor section
[    14.486] (II) modeset(0): Output HDMI-1 has no monitor section
[    14.486] (II) modeset(0): Output DP-2 has no monitor section
[    14.488] (II) modeset(0): Output HDMI-2 has no monitor section
[    14.496] (II) modeset(0): EDID for output eDP-1
[    14.496] (II) modeset(0): Manufacturer: SDC  Model: 4c48  Serial#: 0
[    14.496] (II) modeset(0): Year: 2013  Week: 0
[    14.496] (II) modeset(0): EDID Version: 1.4
[    14.496] (II) modeset(0): Digital Display Input
[    14.496] (II) modeset(0): 6 bits per channel
[    14.496] (II) modeset(0): Digital interface is DisplayPort
[    14.496] (II) modeset(0): Max Image Size [cm]: horiz.: 31  vert.: 17
[    14.496] (II) modeset(0): Gamma: 2.20
[    14.496] (II) modeset(0): No DPMS capabilities specified
[    14.496] (II) modeset(0): Supported color encodings: RGB 4:4:4 YCrCb 4:4:4 
[    14.496] (II) modeset(0): First detailed timing is preferred mode
[    14.496] (II) modeset(0): Preferred mode is native pixel format and refresh rate
[    14.496] (II) modeset(0): redX: 0.574 redY: 0.339   greenX: 0.333 greenY: 0.576
[    14.496] (II) modeset(0): blueX: 0.160 blueY: 0.115   whiteX: 0.313 whiteY: 0.329
[    14.496] (II) modeset(0): Manufacturer's mask: 0
[    14.497] (II) modeset(0): Supported detailed timing:
[    14.497] (II) modeset(0): clock: 146.9 MHz   Image Size:  309 x 174 mm
[    14.497] (II) modeset(0): h_active: 1920  h_sync: 1968  h_sync_end 2000 h_blank_end 2140 h_border: 0
[    14.497] (II) modeset(0): v_active: 1080  v_sync: 1082  v_sync_end 1087 v_blanking: 1144 v_border: 0
[    14.497] (II) modeset(0): Supported detailed timing:
[    14.497] (II) modeset(0): clock: 117.5 MHz   Image Size:  309 x 174 mm
[    14.497] (II) modeset(0): h_active: 1920  h_sync: 1968  h_sync_end 2000 h_blank_end 2140 h_border: 0
[    14.497] (II) modeset(0): v_active: 1080  v_sync: 1082  v_sync_end 1087 v_blanking: 1144 v_border: 0
[    14.497] (II) modeset(0):  GTKDY€140HL
[    14.497] (II) modeset(0): Unknown vendor-specific block 0
[    14.497] (II) modeset(0): EDID (in hex):
[    14.497] (II) modeset(0): 	00ffffffffffff004c83484c00000000
[    14.497] (II) modeset(0): 	00170104951f11780a36259356559329
[    14.497] (II) modeset(0): 	1d505400000001010101010101010101
[    14.497] (II) modeset(0): 	010101010101603980dc703840403020
[    14.497] (II) modeset(0): 	250035ae1000001ae72d80dc70384040
[    14.497] (II) modeset(0): 	3020250035ae1000001a000000fe0047
[    14.497] (II) modeset(0): 	544b445980313430484c0a2000000000
[    14.497] (II) modeset(0): 	00004121940010000002010a202000ba
[    14.497] (II) modeset(0): Printing probed modes for output eDP-1
[    14.497] (II) modeset(0): Modeline "1920x1080"x60.0  146.88  1920 1968 2000 2140  1080 1082 1087 1144 +hsync -vsync (68.6 kHz eP)
[    14.497] (II) modeset(0): Modeline "1920x1080"x119.9  266.50  1920 1944 1960 2000  1080 1081 1084 1111 doublescan +hsync -vsync (133.2 kHz d)
[    14.497] (II) modeset(0): Modeline "1920x1080"x60.0  173.00  1920 2048 2248 2576  1080 1083 1088 1120 -hsync +vsync (67.2 kHz d)
[    14.497] (II) modeset(0): Modeline "1920x1080"x59.9  138.50  1920 1968 2000 2080  1080 1083 1088 1111 +hsync -vsync (66.6 kHz d)
[    14.497] (II) modeset(0): Modeline "1920x1080"x48.0  117.51  1920 1968 2000 2140  1080 1082 1087 1144 +hsync -vsync (54.9 kHz e)
[    14.497] (II) modeset(0): Modeline "1680x1050"x60.0  146.25  1680 1784 1960 2240  1050 1053 1059 1089 -hsync +vsync (65.3 kHz d)
[    14.497] (II) modeset(0): Modeline "1680x1050"x59.9  119.00  1680 1728 1760 1840  1050 1053 1059 1080 +hsync -vsync (64.7 kHz d)
[    14.497] (II) modeset(0): Modeline "1600x1024"x60.2  103.12  1600 1600 1656 1664  1024 1024 1029 1030 +hsync +vsync (62.0 kHz d)
[    14.497] (II) modeset(0): Modeline "1400x1050"x60.0  122.00  1400 1488 1640 1880  1050 1052 1064 1082 +hsync +vsync (64.9 kHz d)
[    14.497] (II) modeset(0): Modeline "1600x900"x120.0  246.00  1600 1728 1900 2200  900 901 904 932 doublescan -hsync +vsync (111.8 kHz d)
[    14.497] (II) modeset(0): Modeline "1600x900"x119.9  186.50  1600 1624 1640 1680  900 901 904 926 doublescan +hsync -vsync (111.0 kHz d)
[    14.497] (II) modeset(0): Modeline "1600x900"x59.9  118.25  1600 1696 1856 2112  900 903 908 934 -hsync +vsync (56.0 kHz d)
[    14.497] (II) modeset(0): Modeline "1600x900"x59.8   97.50  1600 1648 1680 1760  900 903 908 926 +hsync -vsync (55.4 kHz d)
[    14.497] (II) modeset(0): Modeline "1280x1024"x60.0  108.00  1280 1328 1440 1688  1024 1025 1028 1066 +hsync +vsync (64.0 kHz d)
[    14.497] (II) modeset(0): Modeline "1440x900"x59.9  106.50  1440 1520 1672 1904  900 903 909 934 -hsync +vsync (55.9 kHz d)
[    14.497] (II) modeset(0): Modeline "1400x900"x60.0  103.50  1400 1480 1624 1848  900 903 913 934 -hsync +vsync (56.0 kHz d)
[    14.497] (II) modeset(0): Modeline "1400x900"x59.9   86.50  1400 1448 1480 1560  900 903 913 926 +hsync -vsync (55.4 kHz d)
[    14.497] (II) modeset(0): Modeline "1280x960"x60.0  108.00  1280 1376 1488 1800  960 961 964 1000 +hsync +vsync (60.0 kHz d)
[    14.497] (II) modeset(0): Modeline "1440x810"x120.0  198.12  1440 1548 1704 1968  810 811 814 839 doublescan -hsync +vsync (100.7 kHz d)
[    14.497] (II) modeset(0): Modeline "1440x810"x119.9  151.88  1440 1464 1480 1520  810 811 814 833 doublescan +hsync -vsync (99.9 kHz d)
[    14.497] (II) modeset(0): Modeline "1368x768"x59.9   85.25  1368 1440 1576 1784  768 771 781 798 -hsync +vsync (47.8 kHz d)
[    14.497] (II) modeset(0): Modeline "1368x768"x59.9   72.25  1368 1416 1448 1528  768 771 781 790 +hsync -vsync (47.3 kHz d)
[    14.497] (II) modeset(0): Modeline "1360x768"x59.8   84.75  1360 1432 1568 1776  768 771 781 798 -hsync +vsync (47.7 kHz d)
[    14.497] (II) modeset(0): Modeline "1360x768"x60.0   72.00  1360 1408 1440 1520  768 771 781 790 +hsync -vsync (47.4 kHz d)
[    14.497] (II) modeset(0): Modeline "1280x800"x120.0  174.25  1280 1380 1516 1752  800 801 804 829 doublescan -hsync +vsync (99.5 kHz d)
[    14.497] (II) modeset(0): Modeline "1280x800"x119.9  134.25  1280 1304 1320 1360  800 801 804 823 doublescan +hsync -vsync (98.7 kHz d)
[    14.497] (II) modeset(0): Modeline "1280x800"x59.8   83.50  1280 1352 1480 1680  800 803 809 831 -hsync +vsync (49.7 kHz d)
[    14.497] (II) modeset(0): Modeline "1280x800"x59.9   71.00  1280 1328 1360 1440  800 803 809 823 +hsync -vsync (49.3 kHz d)
[    14.497] (II) modeset(0): Modeline "1152x864"x60.0   81.62  1152 1216 1336 1520  864 865 868 895 -hsync +vsync (53.7 kHz d)
[    14.497] (II) modeset(0): Modeline "1280x720"x120.0  156.12  1280 1376 1512 1744  720 721 724 746 doublescan -hsync +vsync (89.5 kHz d)
[    14.497] (II) modeset(0): Modeline "1280x720"x120.0  120.75  1280 1304 1320 1360  720 721 724 740 doublescan +hsync -vsync (88.8 kHz d)
[    14.497] (II) modeset(0): Modeline "1280x720"x59.9   74.50  1280 1344 1472 1664  720 723 728 748 -hsync +vsync (44.8 kHz d)
[    14.497] (II) modeset(0): Modeline "1280x720"x59.7   63.75  1280 1328 1360 1440  720 723 728 741 +hsync -vsync (44.3 kHz d)
[    14.497] (II) modeset(0): Modeline "1024x768"x120.1  133.47  1024 1100 1212 1400  768 768 770 794 doublescan -hsync +vsync (95.3 kHz d)
[    14.497] (II) modeset(0): Modeline "1024x768"x60.0   65.00  1024 1048 1184 1344  768 771 777 806 -hsync -vsync (48.4 kHz d)
[    14.497] (II) modeset(0): Modeline "960x720"x120.0  117.00  960 1024 1128 1300  720 720 722 750 doublescan -hsync +vsync (90.0 kHz d)
[    14.497] (II) modeset(0): Modeline "928x696"x120.1  109.15  928 976 1088 1264  696 696 698 719 doublescan -hsync +vsync (86.4 kHz d)
[    14.497] (II) modeset(0): Modeline "896x672"x120.0  102.40  896 960 1060 1224  672 672 674 697 doublescan -hsync +vsync (83.7 kHz d)
[    14.497] (II) modeset(0): Modeline "1024x576"x119.9   98.50  1024 1092 1200 1376  576 577 580 597 doublescan -hsync +vsync (71.6 kHz d)
[    14.497] (II) modeset(0): Modeline "1024x576"x119.9   78.38  1024 1048 1064 1104  576 577 580 592 doublescan +hsync -vsync (71.0 kHz d)
[    14.497] (II) modeset(0): Modeline "1024x576"x59.9   46.50  1024 1064 1160 1296  576 579 584 599 -hsync +vsync (35.9 kHz d)
[    14.497] (II) modeset(0): Modeline "1024x576"x59.8   42.00  1024 1072 1104 1184  576 579 584 593 +hsync -vsync (35.5 kHz d)
[    14.497] (II) modeset(0): Modeline "960x600"x119.9   96.62  960 1028 1128 1296  600 601 604 622 doublescan -hsync +vsync (74.6 kHz d)
[    14.497] (II) modeset(0): Modeline "960x600"x120.0   77.00  960 984 1000 1040  600 601 604 617 doublescan +hsync -vsync (74.0 kHz d)
[    14.497] (II) modeset(0): Modeline "960x540"x119.9   86.50  960 1024 1124 1288  540 541 544 560 doublescan -hsync +vsync (67.2 kHz d)
[    14.497] (II) modeset(0): Modeline "960x540"x120.0   69.25  960 984 1000 1040  540 541 544 555 doublescan +hsync -vsync (66.6 kHz d)
[    14.497] (II) modeset(0): Modeline "960x540"x59.6   40.75  960 992 1088 1216  540 543 548 562 -hsync +vsync (33.5 kHz d)
[    14.497] (II) modeset(0): Modeline "960x540"x59.8   37.25  960 1008 1040 1120  540 543 548 556 +hsync -vsync (33.3 kHz d)
[    14.497] (II) modeset(0): Modeline "800x600"x120.0   81.00  800 832 928 1080  600 600 602 625 doublescan +hsync +vsync (75.0 kHz d)
[    14.497] (II) modeset(0): Modeline "800x600"x60.3   40.00  800 840 968 1056  600 601 605 628 +hsync +vsync (37.9 kHz d)
[    14.497] (II) modeset(0): Modeline "800x600"x56.2   36.00  800 824 896 1024  600 601 603 625 +hsync +vsync (35.2 kHz d)
[    14.497] (II) modeset(0): Modeline "840x525"x120.0   73.12  840 892 980 1120  525 526 529 544 doublescan -hsync +vsync (65.3 kHz d)
[    14.497] (II) modeset(0): Modeline "840x525"x119.8   59.50  840 864 880 920  525 526 529 540 doublescan +hsync -vsync (64.7 kHz d)
[    14.497] (II) modeset(0): Modeline "864x486"x59.9   32.50  864 888 968 1072  486 489 494 506 -hsync +vsync (30.3 kHz d)
[    14.497] (II) modeset(0): Modeline "864x486"x59.6   30.50  864 912 944 1024  486 489 494 500 +hsync -vsync (29.8 kHz d)
[    14.497] (II) modeset(0): Modeline "800x512"x120.3   51.56  800 800 828 832  512 512 514 515 doublescan +hsync +vsync (62.0 kHz d)
[    14.498] (II) modeset(0): Modeline "700x525"x120.0   61.00  700 744 820 940  525 526 532 541 doublescan +hsync +vsync (64.9 kHz d)
[    14.498] (II) modeset(0): Modeline "800x450"x119.9   59.12  800 848 928 1056  450 451 454 467 doublescan -hsync +vsync (56.0 kHz d)
[    14.498] (II) modeset(0): Modeline "800x450"x119.6   48.75  800 824 840 880  450 451 454 463 doublescan +hsync -vsync (55.4 kHz d)
[    14.498] (II) modeset(0): Modeline "640x512"x120.0   54.00  640 664 720 844  512 512 514 533 doublescan +hsync +vsync (64.0 kHz d)
[    14.498] (II) modeset(0): Modeline "720x450"x119.8   53.25  720 760 836 952  450 451 454 467 doublescan -hsync +vsync (55.9 kHz d)
[    14.498] (II) modeset(0): Modeline "700x450"x119.9   51.75  700 740 812 924  450 451 456 467 doublescan -hsync +vsync (56.0 kHz d)
[    14.498] (II) modeset(0): Modeline "700x450"x119.8   43.25  700 724 740 780  450 451 456 463 doublescan +hsync -vsync (55.4 kHz d)
[    14.498] (II) modeset(0): Modeline "640x480"x120.0   54.00  640 688 744 900  480 480 482 500 doublescan +hsync +vsync (60.0 kHz d)
[    14.498] (II) modeset(0): Modeline "640x480"x59.9   25.18  640 656 752 800  480 490 492 525 -hsync -vsync (31.5 kHz d)
[    14.498] (II) modeset(0): Modeline "720x405"x59.5   22.50  720 744 808 896  405 408 413 422 -hsync +vsync (25.1 kHz d)
[    14.498] (II) modeset(0): Modeline "720x405"x59.0   21.75  720 768 800 880  405 408 413 419 +hsync -vsync (24.7 kHz d)
[    14.498] (II) modeset(0): Modeline "684x384"x119.8   42.62  684 720 788 892  384 385 390 399 doublescan -hsync +vsync (47.8 kHz d)
[    14.498] (II) modeset(0): Modeline "684x384"x119.7   36.12  684 708 724 764  384 385 390 395 doublescan +hsync -vsync (47.3 kHz d)
[    14.498] (II) modeset(0): Modeline "680x384"x119.6   42.38  680 716 784 888  384 385 390 399 doublescan -hsync +vsync (47.7 kHz d)
[    14.498] (II) modeset(0): Modeline "680x384"x119.9   36.00  680 704 720 760  384 385 390 395 doublescan +hsync -vsync (47.4 kHz d)
[    14.498] (II) modeset(0): Modeline "640x400"x119.8   41.75  640 676 740 840  400 401 404 415 doublescan -hsync +vsync (49.7 kHz d)
[    14.498] (II) modeset(0): Modeline "640x400"x120.0   35.50  640 664 680 720  400 401 404 411 doublescan +hsync -vsync (49.3 kHz d)
[    14.498] (II) modeset(0): Modeline "576x432"x120.1   40.81  576 608 668 760  432 432 434 447 doublescan -hsync +vsync (53.7 kHz d)
[    14.498] (II) modeset(0): Modeline "640x360"x119.7   37.25  640 672 736 832  360 361 364 374 doublescan -hsync +vsync (44.8 kHz d)
[    14.498] (II) modeset(0): Modeline "640x360"x119.7   31.88  640 664 680 720  360 361 364 370 doublescan +hsync -vsync (44.3 kHz d)
[    14.498] (II) modeset(0): Modeline "640x360"x59.8   18.00  640 664 720 800  360 363 368 376 -hsync +vsync (22.5 kHz d)
[    14.498] (II) modeset(0): Modeline "640x360"x59.3   17.75  640 688 720 800  360 363 368 374 +hsync -vsync (22.2 kHz d)
[    14.498] (II) modeset(0): Modeline "512x384"x120.0   32.50  512 524 592 672  384 385 388 403 doublescan -hsync -vsync (48.4 kHz d)
[    14.498] (II) modeset(0): Modeline "512x288"x120.0   23.25  512 532 580 648  288 289 292 299 doublescan -hsync +vsync (35.9 kHz d)
[    14.498] (II) modeset(0): Modeline "512x288"x119.8   21.00  512 536 552 592  288 289 292 296 doublescan +hsync -vsync (35.5 kHz d)
[    14.498] (II) modeset(0): Modeline "480x270"x119.3   20.38  480 496 544 608  270 271 274 281 doublescan -hsync +vsync (33.5 kHz d)
[    14.498] (II) modeset(0): Modeline "480x270"x119.6   18.62  480 504 520 560  270 271 274 278 doublescan +hsync -vsync (33.3 kHz d)
[    14.498] (II) modeset(0): Modeline "400x300"x120.6   20.00  400 420 484 528  300 300 302 314 doublescan +hsync +vsync (37.9 kHz d)
[    14.498] (II) modeset(0): Modeline "400x300"x112.7   18.00  400 412 448 512  300 300 301 312 doublescan +hsync +vsync (35.2 kHz d)
[    14.498] (II) modeset(0): Modeline "432x243"x119.8   16.25  432 444 484 536  243 244 247 253 doublescan -hsync +vsync (30.3 kHz d)
[    14.498] (II) modeset(0): Modeline "432x243"x119.1   15.25  432 456 472 512  243 244 247 250 doublescan +hsync -vsync (29.8 kHz d)
[    14.498] (II) modeset(0): Modeline "320x240"x120.1   12.59  320 328 376 400  240 245 246 262 doublescan -hsync -vsync (31.5 kHz d)
[    14.498] (II) modeset(0): Modeline "360x202"x119.0   11.25  360 372 404 448  202 204 206 211 doublescan -hsync +vsync (25.1 kHz d)
[    14.498] (II) modeset(0): Modeline "360x202"x118.3   10.88  360 384 400 440  202 204 206 209 doublescan +hsync -vsync (24.7 kHz d)
[    14.498] (II) modeset(0): Modeline "320x180"x119.7    9.00  320 332 360 400  180 181 184 188 doublescan -hsync +vsync (22.5 kHz d)
[    14.498] (II) modeset(0): Modeline "320x180"x118.6    8.88  320 344 360 400  180 181 184 187 doublescan +hsync -vsync (22.2 kHz d)
[    14.498] (II) modeset(0): EDID for output DP-1
[    14.499] (II) modeset(0): EDID for output HDMI-1
[    14.499] (II) modeset(0): EDID for output DP-2
[    14.501] (II) modeset(0): EDID for output HDMI-2
[    14.501] (II) modeset(0): Output eDP-1 connected
[    14.501] (II) modeset(0): Output DP-1 disconnected
[    14.501] (II) modeset(0): Output HDMI-1 disconnected
[    14.501] (II) modeset(0): Output DP-2 disconnected
[    14.501] (II) modeset(0): Output HDMI-2 disconnected
[    14.501] (II) modeset(0): Using exact sizes for initial modes
[    14.501] (II) modeset(0): Output eDP-1 using initial mode 1920x1080 +0+0
[    14.501] (==) modeset(0): Using gamma correction (1.0, 1.0, 1.0)
[    14.501] (==) modeset(0): DPI set to (96, 96)
[    14.501] (II) Loading sub module "fb"
[    14.501] (II) LoadModule: "fb"
[    14.501] (II) Loading /usr/lib/xorg/modules/libfb.so
[    14.503] (II) Module fb: vendor="X.Org Foundation"
[    14.503] 	compiled for 1.20.1, module version = 1.0.0
[    14.503] 	ABI class: X.Org ANSI C Emulation, version 0.4
[    14.503] (II) UnloadModule: "fbdev"
[    14.503] (II) Unloading fbdev
[    14.503] (II) UnloadSubModule: "fbdevhw"
[    14.503] (II) Unloading fbdevhw
[    14.503] (II) UnloadModule: "vesa"
[    14.503] (II) Unloading vesa
[    14.510] (==) modeset(0): Backing store enabled
[    14.510] (==) modeset(0): Silken mouse enabled
[    14.546] (II) modeset(0): Initializing kms color map for depth 24, 8 bpc.
[    14.547] (==) modeset(0): DPMS enabled
[    14.547] (II) modeset(0): [DRI2] Setup complete
[    14.548] (II) modeset(0): [DRI2]   DRI driver: i965
[    14.548] (II) modeset(0): [DRI2]   VDPAU driver: i965
[    14.548] (II) Initializing extension Generic Event Extension
[    14.548] (II) Initializing extension SHAPE
[    14.548] (II) Initializing extension MIT-SHM
[    14.548] (II) Initializing extension XInputExtension
[    14.549] (II) Initializing extension XTEST
[    14.549] (II) Initializing extension BIG-REQUESTS
[    14.549] (II) Initializing extension SYNC
[    14.550] (II) Initializing extension XKEYBOARD
[    14.550] (II) Initializing extension XC-MISC
[    14.550] (II) Initializing extension SECURITY
[    14.550] (II) Initializing extension XFIXES
[    14.550] (II) Initializing extension RENDER
[    14.551] (II) Initializing extension RANDR
[    14.551] (II) Initializing extension COMPOSITE
[    14.551] (II) Initializing extension DAMAGE
[    14.551] (II) Initializing extension MIT-SCREEN-SAVER
[    14.552] (II) Initializing extension DOUBLE-BUFFER
[    14.552] (II) Initializing extension RECORD
[    14.552] (II) Initializing extension DPMS
[    14.552] (II) Initializing extension Present
[    14.552] (II) Initializing extension DRI3
[    14.553] (II) Initializing extension X-Resource
[    14.553] (II) Initializing extension XVideo
[    14.553] (II) Initializing extension XVideo-MotionCompensation
[    14.553] (II) Initializing extension SELinux
[    14.553] (II) SELinux: Disabled on system
[    14.553] (II) Initializing extension GLX
[    14.561] (II) AIGLX: Loaded and initialized i965
[    14.561] (II) GLX: Initialized DRI2 GL provider for screen 0
[    14.561] (II) Initializing extension XFree86-VidModeExtension
[    14.561] (II) Initializing extension XFree86-DGA
[    14.561] (II) Initializing extension XFree86-DRI
[    14.561] (II) Initializing extension DRI2
[    14.564] (II) modeset(0): Damage tracking initialized
[    14.564] (II) modeset(0): Setting screen physical size to 508 x 285
[    14.598] (II) config/udev: Adding input device Power Button (/dev/input/event3)
[    14.598] (**) Power Button: Applying InputClass "libinput keyboard catchall"
[    14.598] (II) LoadModule: "libinput"
[    14.598] (II) Loading /usr/lib/xorg/modules/input/libinput_drv.so
[    14.600] (II) Module libinput: vendor="X.Org Foundation"
[    14.600] 	compiled for 1.20.1, module version = 0.28.1
[    14.600] 	Module class: X.Org XInput Driver
[    14.600] 	ABI class: X.Org XInput driver, version 24.1
[    14.600] (II) Using input driver 'libinput' for 'Power Button'
[    14.601] (II) systemd-logind: got fd for /dev/input/event3 13:67 fd 21 paused 0
[    14.601] (**) Power Button: always reports core events
[    14.601] (**) Option "Device" "/dev/input/event3"
[    14.601] (**) Option "_source" "server/udev"
[    14.602] (II) event3  - Power Button: is tagged by udev as: Keyboard
[    14.602] (II) event3  - Power Button: device is a keyboard
[    14.602] (II) event3  - Power Button: device removed
[    14.602] (**) Option "config_info" "udev:/sys/devices/LNXSYSTM:00/LNXPWRBN:00/input/input3/event3"
[    14.602] (II) XINPUT: Adding extended input device "Power Button" (type: KEYBOARD, id 6)
[    14.602] (**) Option "xkb_model" "pc105"
[    14.602] (**) Option "xkb_layout" "us"
[    14.602] (II) event3  - Power Button: is tagged by udev as: Keyboard
[    14.602] (II) event3  - Power Button: device is a keyboard
[    14.603] (II) config/udev: Adding input device Video Bus (/dev/input/event5)
[    14.603] (**) Video Bus: Applying InputClass "libinput keyboard catchall"
[    14.603] (II) Using input driver 'libinput' for 'Video Bus'
[    14.604] (II) systemd-logind: got fd for /dev/input/event5 13:69 fd 24 paused 0
[    14.604] (**) Video Bus: always reports core events
[    14.604] (**) Option "Device" "/dev/input/event5"
[    14.604] (**) Option "_source" "server/udev"
[    14.604] (II) event5  - Video Bus: is tagged by udev as: Keyboard
[    14.604] (II) event5  - Video Bus: device is a keyboard
[    14.604] (II) event5  - Video Bus: device removed
[    14.604] (**) Option "config_info" "udev:/sys/devices/LNXSYSTM:00/LNXSYBUS:00/PNP0A08:00/LNXVIDEO:00/input/input7/event5"
[    14.604] (II) XINPUT: Adding extended input device "Video Bus" (type: KEYBOARD, id 7)
[    14.604] (**) Option "xkb_model" "pc105"
[    14.604] (**) Option "xkb_layout" "us"
[    14.605] (II) event5  - Video Bus: is tagged by udev as: Keyboard
[    14.605] (II) event5  - Video Bus: device is a keyboard
[    14.606] (II) config/udev: Adding input device Power Button (/dev/input/event1)
[    14.606] (**) Power Button: Applying InputClass "libinput keyboard catchall"
[    14.606] (II) Using input driver 'libinput' for 'Power Button'
[    14.606] (II) systemd-logind: got fd for /dev/input/event1 13:65 fd 25 paused 0
[    14.606] (**) Power Button: always reports core events
[    14.606] (**) Option "Device" "/dev/input/event1"
[    14.606] (**) Option "_source" "server/udev"
[    14.607] (II) event1  - Power Button: is tagged by udev as: Keyboard
[    14.607] (II) event1  - Power Button: device is a keyboard
[    14.607] (II) event1  - Power Button: device removed
[    14.607] (**) Option "config_info" "udev:/sys/devices/LNXSYSTM:00/LNXSYBUS:00/PNP0C0C:00/input/input1/event1"
[    14.607] (II) XINPUT: Adding extended input device "Power Button" (type: KEYBOARD, id 8)
[    14.607] (**) Option "xkb_model" "pc105"
[    14.607] (**) Option "xkb_layout" "us"
[    14.608] (II) event1  - Power Button: is tagged by udev as: Keyboard
[    14.608] (II) event1  - Power Button: device is a keyboard
[    14.608] (II) config/udev: Adding input device Lid Switch (/dev/input/event0)
[    14.608] (II) No input driver specified, ignoring this device.
[    14.608] (II) This device may have been added with another device file.
[    14.609] (II) config/udev: Adding input device Sleep Button (/dev/input/event2)
[    14.609] (**) Sleep Button: Applying InputClass "libinput keyboard catchall"
[    14.609] (II) Using input driver 'libinput' for 'Sleep Button'
[    14.609] (II) systemd-logind: got fd for /dev/input/event2 13:66 fd 26 paused 0
[    14.609] (**) Sleep Button: always reports core events
[    14.609] (**) Option "Device" "/dev/input/event2"
[    14.609] (**) Option "_source" "server/udev"
[    14.610] (II) event2  - Sleep Button: is tagged by udev as: Keyboard
[    14.610] (II) event2  - Sleep Button: device is a keyboard
[    14.610] (II) event2  - Sleep Button: device removed
[    14.610] (**) Option "config_info" "udev:/sys/devices/LNXSYSTM:00/LNXSYBUS:00/PNP0C0E:00/input/input2/event2"
[    14.610] (II) XINPUT: Adding extended input device "Sleep Button" (type: KEYBOARD, id 9)
[    14.610] (**) Option "xkb_model" "pc105"
[    14.610] (**) Option "xkb_layout" "us"
[    14.611] (II) event2  - Sleep Button: is tagged by udev as: Keyboard
[    14.611] (II) event2  - Sleep Button: device is a keyboard
[    14.611] (II) config/udev: Adding input device HDA Intel HDMI HDMI/DP,pcm=3 (/dev/input/event10)
[    14.612] (II) No input driver specified, ignoring this device.
[    14.612] (II) This device may have been added with another device file.
[    14.612] (II) config/udev: Adding input device HDA Intel HDMI HDMI/DP,pcm=7 (/dev/input/event11)
[    14.612] (II) No input driver specified, ignoring this device.
[    14.612] (II) This device may have been added with another device file.
[    14.612] (II) config/udev: Adding input device HDA Intel HDMI HDMI/DP,pcm=8 (/dev/input/event12)
[    14.612] (II) No input driver specified, ignoring this device.
[    14.612] (II) This device may have been added with another device file.
[    14.613] (II) config/udev: Adding input device HDA Intel HDMI HDMI/DP,pcm=9 (/dev/input/event13)
[    14.613] (II) No input driver specified, ignoring this device.
[    14.613] (II) This device may have been added with another device file.
[    14.613] (II) config/udev: Adding input device HDA Intel HDMI HDMI/DP,pcm=10 (/dev/input/event14)
[    14.613] (II) No input driver specified, ignoring this device.
[    14.613] (II) This device may have been added with another device file.
[    14.613] (II) config/udev: Adding input device HDA Intel PCH Dock Mic (/dev/input/event15)
[    14.613] (II) No input driver specified, ignoring this device.
[    14.613] (II) This device may have been added with another device file.
[    14.614] (II) config/udev: Adding input device HDA Intel PCH Dock Line Out (/dev/input/event16)
[    14.614] (II) No input driver specified, ignoring this device.
[    14.614] (II) This device may have been added with another device file.
[    14.614] (II) config/udev: Adding input device HDA Intel PCH Front Headphone (/dev/input/event17)
[    14.614] (II) No input driver specified, ignoring this device.
[    14.614] (II) This device may have been added with another device file.
[    14.615] (II) config/udev: Adding input device Integrated_Webcam_HD: Integrate (/dev/input/event9)
[    14.615] (**) Integrated_Webcam_HD: Integrate: Applying InputClass "libinput keyboard catchall"
[    14.615] (II) Using input driver 'libinput' for 'Integrated_Webcam_HD: Integrate'
[    14.615] (II) systemd-logind: got fd for /dev/input/event9 13:73 fd 27 paused 0
[    14.615] (**) Integrated_Webcam_HD: Integrate: always reports core events
[    14.615] (**) Option "Device" "/dev/input/event9"
[    14.615] (**) Option "_source" "server/udev"
[    14.616] (II) event9  - Integrated_Webcam_HD: Integrate: is tagged by udev as: Keyboard
[    14.616] (II) event9  - Integrated_Webcam_HD: Integrate: device is a keyboard
[    14.616] (II) event9  - Integrated_Webcam_HD: Integrate: device removed
[    14.616] (**) Option "config_info" "udev:/sys/devices/pci0000:00/0000:00:1d.0/usb1/1-1/1-1.6/1-1.6:1.0/input/input10/event9"
[    14.616] (II) XINPUT: Adding extended input device "Integrated_Webcam_HD: Integrate" (type: KEYBOARD, id 10)
[    14.616] (**) Option "xkb_model" "pc105"
[    14.616] (**) Option "xkb_layout" "us"
[    14.617] (II) event9  - Integrated_Webcam_HD: Integrate: is tagged by udev as: Keyboard
[    14.617] (II) event9  - Integrated_Webcam_HD: Integrate: device is a keyboard
[    14.617] (II) config/udev: Adding input device Dell WMI hotkeys (/dev/input/event8)
[    14.618] (**) Dell WMI hotkeys: Applying InputClass "libinput keyboard catchall"
[    14.618] (II) Using input driver 'libinput' for 'Dell WMI hotkeys'
[    14.618] (II) systemd-logind: got fd for /dev/input/event8 13:72 fd 28 paused 0
[    14.618] (**) Dell WMI hotkeys: always reports core events
[    14.618] (**) Option "Device" "/dev/input/event8"
[    14.618] (**) Option "_source" "server/udev"
[    14.619] (II) event8  - Dell WMI hotkeys: is tagged by udev as: Keyboard
[    14.619] (II) event8  - Dell WMI hotkeys: device is a keyboard
[    14.619] (II) event8  - Dell WMI hotkeys: device removed
[    14.619] (**) Option "config_info" "udev:/sys/devices/platform/PNP0C14:00/wmi_bus/wmi_bus-PNP0C14:00/9DBB5994-A997-11DA-B012-B622A1EF5492/input/input9/event8"
[    14.619] (II) XINPUT: Adding extended input device "Dell WMI hotkeys" (type: KEYBOARD, id 11)
[    14.619] (**) Option "xkb_model" "pc105"
[    14.619] (**) Option "xkb_layout" "us"
[    14.620] (II) event8  - Dell WMI hotkeys: is tagged by udev as: Keyboard
[    14.620] (II) event8  - Dell WMI hotkeys: device is a keyboard
[    14.621] (II) config/udev: Adding input device AT Translated Set 2 keyboard (/dev/input/event4)
[    14.621] (**) AT Translated Set 2 keyboard: Applying InputClass "libinput keyboard catchall"
[    14.621] (II) Using input driver 'libinput' for 'AT Translated Set 2 keyboard'
[    14.621] (II) systemd-logind: got fd for /dev/input/event4 13:68 fd 29 paused 0
[    14.621] (**) AT Translated Set 2 keyboard: always reports core events
[    14.622] (**) Option "Device" "/dev/input/event4"
[    14.622] (**) Option "_source" "server/udev"
[    14.623] (II) event4  - AT Translated Set 2 keyboard: is tagged by udev as: Keyboard
[    14.623] (II) event4  - AT Translated Set 2 keyboard: device is a keyboard
[    14.623] (II) event4  - AT Translated Set 2 keyboard: device removed
[    14.623] (**) Option "config_info" "udev:/sys/devices/platform/i8042/serio0/input/input4/event4"
[    14.623] (II) XINPUT: Adding extended input device "AT Translated Set 2 keyboard" (type: KEYBOARD, id 12)
[    14.623] (**) Option "xkb_model" "pc105"
[    14.623] (**) Option "xkb_layout" "us"
[    14.623] (II) event4  - AT Translated Set 2 keyboard: is tagged by udev as: Keyboard
[    14.623] (II) event4  - AT Translated Set 2 keyboard: device is a keyboard
[    14.624] (II) config/udev: Adding input device AlpsPS/2 ALPS GlidePoint (/dev/input/event6)
[    14.624] (**) AlpsPS/2 ALPS GlidePoint: Applying InputClass "libinput touchpad catchall"
[    14.624] (II) Using input driver 'libinput' for 'AlpsPS/2 ALPS GlidePoint'
[    14.625] (II) systemd-logind: got fd for /dev/input/event6 13:70 fd 30 paused 0
[    14.625] (**) AlpsPS/2 ALPS GlidePoint: always reports core events
[    14.625] (**) Option "Device" "/dev/input/event6"
[    14.626] (**) Option "_source" "server/udev"
[    14.626] (II) event6  - AlpsPS/2 ALPS GlidePoint: is tagged by udev as: Touchpad
[    14.627] (II) event6  - AlpsPS/2 ALPS GlidePoint: device is a touchpad
[    14.627] (II) event6  - AlpsPS/2 ALPS GlidePoint: device removed
[    14.627] (**) Option "config_info" "udev:/sys/devices/platform/i8042/serio1/input/input6/event6"
[    14.627] (II) XINPUT: Adding extended input device "AlpsPS/2 ALPS GlidePoint" (type: TOUCHPAD, id 13)
[    14.627] (**) Option "AccelerationScheme" "none"
[    14.627] (**) AlpsPS/2 ALPS GlidePoint: (accel) selected scheme none/0
[    14.627] (**) AlpsPS/2 ALPS GlidePoint: (accel) acceleration factor: 2.000
[    14.627] (**) AlpsPS/2 ALPS GlidePoint: (accel) acceleration threshold: 4
[    14.627] (II) event6  - AlpsPS/2 ALPS GlidePoint: is tagged by udev as: Touchpad
[    14.628] (II) event6  - AlpsPS/2 ALPS GlidePoint: device is a touchpad
[    14.628] (II) config/udev: Adding input device AlpsPS/2 ALPS GlidePoint (/dev/input/mouse0)
[    14.628] (II) No input driver specified, ignoring this device.
[    14.628] (II) This device may have been added with another device file.
[    14.630] (II) config/udev: Adding input device DELL Wireless hotkeys (/dev/input/event7)
[    14.630] (**) DELL Wireless hotkeys: Applying InputClass "libinput keyboard catchall"
[    14.630] (II) Using input driver 'libinput' for 'DELL Wireless hotkeys'
[    14.631] (II) systemd-logind: got fd for /dev/input/event7 13:71 fd 31 paused 0
[    14.631] (**) DELL Wireless hotkeys: always reports core events
[    14.631] (**) Option "Device" "/dev/input/event7"
[    14.631] (**) Option "_source" "server/udev"
[    14.632] (II) event7  - DELL Wireless hotkeys: is tagged by udev as: Keyboard
[    14.632] (II) event7  - DELL Wireless hotkeys: device is a keyboard
[    14.632] (II) event7  - DELL Wireless hotkeys: device removed
[    14.632] (**) Option "config_info" "udev:/sys/devices/virtual/input/input8/event7"
[    14.632] (II) XINPUT: Adding extended input device "DELL Wireless hotkeys" (type: KEYBOARD, id 14)
[    14.632] (**) Option "xkb_model" "pc105"
[    14.632] (**) Option "xkb_layout" "us"
[    14.633] (II) event7  - DELL Wireless hotkeys: is tagged by udev as: Keyboard
[    14.633] (II) event7  - DELL Wireless hotkeys: device is a keyboard
[    15.008] (II) modeset(0): EDID vendor "SDC", prod id 19528
[    15.008] (II) modeset(0): Printing DDC gathered Modelines:
[    15.008] (II) modeset(0): Modeline "1920x1080"x0.0  146.88  1920 1968 2000 2140  1080 1082 1087 1144 +hsync -vsync (68.6 kHz eP)
[    15.008] (II) modeset(0): Modeline "1920x1080"x0.0  117.51  1920 1968 2000 2140  1080 1082 1087 1144 +hsync -vsync (54.9 kHz e)
[  1703.387] (EE) event6  - AlpsPS/2 ALPS GlidePoint: kernel bug: Touch jump detected and discarded.
See https://wayland.freedesktop.org/libinput/doc/1.10.4/touchpad_jumping_cursor.html for details
