[2019-07-01 11:00:30.378] [renderer1] [warning] UNRESPONSIVE extension host, 'vscode.git' took 55% of 1505.112ms, saved PROFILE here: '/tmp/exthost-d66f36.cpuprofile' [{"id":"dbaeumer.vscode-eslint","total":441,"percentage":0},{"id":"gc","total":80646,"percentage":5},{"id":"program","total":269258,"percentage":18},{"id":"self","total":296664,"percentage":20},{"id":"vscode.git","total":834744,"percentage":55},{"id":"vscode.typescript-language-features","total":9336,"percentage":1}]
[2019-07-01 11:28:33.312] [renderer1] [error] doSave(86) - exit - resulted in a save error: Error: Unable to write file (Error: File Modified Since) {"$mid":1,"fsPath":"/home/prasanna/Desktop/exercise6.js","external":"file:///home/prasanna/Desktop/exercise6.js","path":"/home/prasanna/Desktop/exercise6.js","scheme":"file"}
[2019-07-01 11:28:33.416] [renderer1] [error] doSave(86) - exit - resulted in a save error: Error: Unable to write file (Error: File Modified Since) {"$mid":1,"fsPath":"/home/prasanna/Desktop/exercise6.js","external":"file:///home/prasanna/Desktop/exercise6.js","path":"/home/prasanna/Desktop/exercise6.js","scheme":"file"}
[2019-07-01 14:06:16.845] [renderer1] [error] doSave(104) - exit - resulted in a save error: Error: Unable to write file (Error: File Modified Since) {"$mid":1,"fsPath":"/home/prasanna/Desktop/exercise6.js","external":"file:///home/prasanna/Desktop/exercise6.js","path":"/home/prasanna/Desktop/exercise6.js","scheme":"file"}
[2019-07-01 17:46:37.573] [renderer1] [error] doSave(6) - exit - resulted in a save error: Error: Unable to write file (Error: File Modified Since) {"$mid":1,"fsPath":"/home/prasanna/Desktop/exe5.js","external":"file:///home/prasanna/Desktop/exe5.js","path":"/home/prasanna/Desktop/exe5.js","scheme":"file"}
[2019-07-01 17:46:54.223] [renderer1] [error] TypeScript Server Error (3.5.1)
Debug Failure. Expected 955 <= 927
Error: Debug Failure. Expected 955 <= 927
    at Object.assertLessThanOrEqual (tsserver.js:2059:17)
    at Object.createFileDiagnostic (tsserver.js:15141:22)
    at getRangeToExtract (tsserver.js:118016:42)
    at Object.getAvailableActions (tsserver.js:117879:38)
    at tsserver.js:112870:128
    at getIterator (tsserver.js:627:23)
    at Object.next (tsserver.js:622:35)
    at Object.arrayFrom (tsserver.js:1255:32)
    at Object.getApplicableRefactors (tsserver.js:112869:23)
    at Object.getApplicableRefactors (tsserver.js:122632:32)
    at IOSession.Session.getApplicableRefactors (tsserver.js:131393:53)
    at Session.handlers.ts.createMapFromTemplate._a.(anonymous function) (tsserver.js:130211:61)
    at tsserver.js:131637:88
    at IOSession.Session.executeWithRequestId (tsserver.js:131628:28)
    at IOSession.Session.executeCommand (tsserver.js:131637:33)
    at IOSession.Session.onMessage (tsserver.js:131659:35)
    at Interface.<anonymous> (tsserver.js:132950:27)
    at Interface.emit (events.js:182:13)
    at Interface._onLine (readline.js:290:10)
    at Interface._normalWrite (readline.js:433:12)
    at Socket.ondata (readline.js:149:10)
    at Socket.emit (events.js:182:13)
    at addChunk (_stream_readable.js:279:12)
    at readableAddChunk (_stream_readable.js:264:11)
    at Socket.Readable.push (_stream_readable.js:219:10)
    at Pipe.onread (net.js:636:20): Error: TypeScript Server Error (3.5.1)
Debug Failure. Expected 955 <= 927
Error: Debug Failure. Expected 955 <= 927
    at Object.assertLessThanOrEqual (tsserver.js:2059:17)
    at Object.createFileDiagnostic (tsserver.js:15141:22)
    at getRangeToExtract (tsserver.js:118016:42)
    at Object.getAvailableActions (tsserver.js:117879:38)
    at tsserver.js:112870:128
    at getIterator (tsserver.js:627:23)
    at Object.next (tsserver.js:622:35)
    at Object.arrayFrom (tsserver.js:1255:32)
    at Object.getApplicableRefactors (tsserver.js:112869:23)
    at Object.getApplicableRefactors (tsserver.js:122632:32)
    at IOSession.Session.getApplicableRefactors (tsserver.js:131393:53)
    at Session.handlers.ts.createMapFromTemplate._a.(anonymous function) (tsserver.js:130211:61)
    at tsserver.js:131637:88
    at IOSession.Session.executeWithRequestId (tsserver.js:131628:28)
    at IOSession.Session.executeCommand (tsserver.js:131637:33)
    at IOSession.Session.onMessage (tsserver.js:131659:35)
    at Interface.<anonymous> (tsserver.js:132950:27)
    at Interface.emit (events.js:182:13)
    at Interface._onLine (readline.js:290:10)
    at Interface._normalWrite (readline.js:433:12)
    at Socket.ondata (readline.js:149:10)
    at Socket.emit (events.js:182:13)
    at addChunk (_stream_readable.js:279:12)
    at readableAddChunk (_stream_readable.js:264:11)
    at Socket.Readable.push (_stream_readable.js:219:10)
    at Pipe.onread (net.js:636:20)
	at Function.create (/usr/share/code/resources/app/extensions/typescript-language-features/dist/extension.js:1:197728)
	at v.dispatchResponse (/usr/share/code/resources/app/extensions/typescript-language-features/dist/extension.js:1:203096)
	at v.dispatchMessage (/usr/share/code/resources/app/extensions/typescript-language-features/dist/extension.js:1:201848)
	at constructor._reader.onData.e (/usr/share/code/resources/app/extensions/typescript-language-features/dist/extension.js:1:201204)
	at u.fire (/usr/share/code/resources/app/out/vs/workbench/services/extensions/node/extensionHostProcess.js:47:720)
	at t.Reader.onLengthData (/usr/share/code/resources/app/extensions/typescript-language-features/dist/extension.js:1:206508)
	at Socket.t.Reader.constructor.e.on.e (/usr/share/code/resources/app/extensions/typescript-language-features/dist/extension.js:1:206156)
	at Socket.emit (events.js:182:13)
	at addChunk (_stream_readable.js:279:12)
	at readableAddChunk (_stream_readable.js:264:11)
	at Socket.Readable.push (_stream_readable.js:219:10)
	at Pipe.onread (net.js:636:20)
