[2019-06-27 16:14:26.014] [exthost] [info] extension host started
[2019-06-27 16:14:26.132] [exthost] [info] ExtensionService#_doActivateExtension vscode.typescript-language-features {"startup":false,"activationEvent":"onLanguage:javascript"}
[2019-06-27 16:14:26.132] [exthost] [info] ExtensionService#loadCommonJSModule /usr/share/code/resources/app/extensions/typescript-language-features/dist/extension
[2019-06-27 16:14:26.167] [exthost] [info] ExtensionService#_doActivateExtension mgmcdermott.vscode-language-babel {"startup":false,"activationEvent":"onLanguage:javascript"}
[2019-06-27 16:14:26.167] [exthost] [info] ExtensionService#loadCommonJSModule /home/prasanna/.vscode/extensions/mgmcdermott.vscode-language-babel-0.0.22/dist/extension
[2019-06-27 16:14:26.170] [exthost] [info] ExtensionService#_doActivateExtension vscode.debug-auto-launch {"startup":true,"activationEvent":"*"}
[2019-06-27 16:14:26.170] [exthost] [info] ExtensionService#loadCommonJSModule /usr/share/code/resources/app/extensions/debug-auto-launch/dist/extension
[2019-06-27 16:14:26.175] [exthost] [info] ExtensionService#_doActivateExtension vscode.emmet {"startup":true,"activationEvent":"*"}
[2019-06-27 16:14:26.175] [exthost] [info] ExtensionService#loadCommonJSModule /usr/share/code/resources/app/extensions/emmet/dist/extension
[2019-06-27 16:14:26.185] [exthost] [info] ExtensionService#_doActivateExtension vscode.git {"startup":true,"activationEvent":"*"}
[2019-06-27 16:14:26.185] [exthost] [info] ExtensionService#loadCommonJSModule /usr/share/code/resources/app/extensions/git/dist/main
[2019-06-27 16:14:26.233] [exthost] [info] ExtensionService#_doActivateExtension vscode.merge-conflict {"startup":true,"activationEvent":"*"}
[2019-06-27 16:14:26.233] [exthost] [info] ExtensionService#loadCommonJSModule /usr/share/code/resources/app/extensions/merge-conflict/dist/extension
[2019-06-27 16:14:26.238] [exthost] [info] ExtensionService#_doActivateExtension dbaeumer.vscode-eslint {"startup":true,"activationEvent":"*"}
[2019-06-27 16:14:26.238] [exthost] [info] ExtensionService#loadCommonJSModule /home/prasanna/.vscode/extensions/dbaeumer.vscode-eslint-1.9.0/client/out/extension
[2019-06-27 16:14:26.261] [exthost] [info] ExtensionService#_doActivateExtension eamodio.gitlens {"startup":true,"activationEvent":"*"}
[2019-06-27 16:14:26.261] [exthost] [info] ExtensionService#loadCommonJSModule /home/prasanna/.vscode/extensions/eamodio.gitlens-9.8.2/dist/extension
[2019-06-27 16:14:26.343] [exthost] [info] ExtensionService#_doActivateExtension esbenp.prettier-vscode {"startup":true,"activationEvent":"*"}
[2019-06-27 16:14:26.343] [exthost] [info] ExtensionService#loadCommonJSModule /home/prasanna/.vscode/extensions/esbenp.prettier-vscode-1.9.0/out/src/extension
[2019-06-27 16:14:26.527] [exthost] [info] ExtensionService#_doActivateExtension ritwickdey.LiveServer {"startup":true,"activationEvent":"*"}
[2019-06-27 16:14:26.527] [exthost] [info] ExtensionService#loadCommonJSModule /home/prasanna/.vscode/extensions/ritwickdey.liveserver-5.6.1/out/src/extension
[2019-06-27 16:14:27.098] [exthost] [info] ExtensionService#_doActivateExtension WallabyJs.quokka-vscode {"startup":true,"activationEvent":"*"}
[2019-06-27 16:14:27.098] [exthost] [info] ExtensionService#loadCommonJSModule /home/prasanna/.vscode/extensions/wallabyjs.quokka-vscode-1.0.231/index
[2019-06-27 16:14:27.100] [exthost] [info] eager extensions activated
[2019-06-27 16:15:10.168] [exthost] [info] ExtensionService#_doActivateExtension vscode.html-language-features {"startup":false,"activationEvent":"onLanguage:html"}
[2019-06-27 16:15:10.168] [exthost] [info] ExtensionService#loadCommonJSModule /usr/share/code/resources/app/extensions/html-language-features/client/dist/htmlMain
[2019-06-27 16:32:53.959] [exthost] [info] ExtensionService#_doActivateExtension vscode.extension-editing {"startup":false,"activationEvent":"onLanguage:typescript"}
[2019-06-27 16:32:53.959] [exthost] [info] ExtensionService#loadCommonJSModule /usr/share/code/resources/app/extensions/extension-editing/dist/extension
[2019-06-27 16:35:58.238] [exthost] [info] ExtensionService#_doActivateExtension vscode.debug-server-ready {"startup":false,"activationEvent":"onDebugResolve"}
[2019-06-27 16:35:58.238] [exthost] [info] ExtensionService#loadCommonJSModule /usr/share/code/resources/app/extensions/debug-server-ready/dist/extension
[2019-06-27 16:35:58.248] [exthost] [info] ExtensionService#_doActivateExtension ms-vscode.node-debug2 {"startup":false,"activationEvent":"onDebugResolve:node"}
[2019-06-27 16:35:58.248] [exthost] [info] ExtensionService#loadCommonJSModule /usr/share/code/resources/app/extensions/ms-vscode.node-debug2/out/src/extension
[2019-06-27 16:35:58.261] [exthost] [info] ExtensionService#_doActivateExtension ms-vscode.node-debug {"startup":false,"activationEvent":"onDebugResolve:node"}
[2019-06-27 16:35:58.261] [exthost] [info] ExtensionService#loadCommonJSModule /usr/share/code/resources/app/extensions/ms-vscode.node-debug/dist/extension.js
