[2019-07-01 11:00:22.471] [exthost] [info] extension host started
[2019-07-01 11:00:22.578] [exthost] [info] ExtensionService#_doActivateExtension vscode.typescript-language-features {"startup":false,"activationEvent":"onLanguage:javascript"}
[2019-07-01 11:00:22.578] [exthost] [info] ExtensionService#loadCommonJSModule /usr/share/code/resources/app/extensions/typescript-language-features/dist/extension
[2019-07-01 11:00:22.616] [exthost] [info] ExtensionService#_doActivateExtension mgmcdermott.vscode-language-babel {"startup":false,"activationEvent":"onLanguage:javascript"}
[2019-07-01 11:00:22.616] [exthost] [info] ExtensionService#loadCommonJSModule /home/prasanna/.vscode/extensions/mgmcdermott.vscode-language-babel-0.0.22/dist/extension
[2019-07-01 11:00:22.619] [exthost] [info] ExtensionService#_doActivateExtension vscode.debug-auto-launch {"startup":true,"activationEvent":"*"}
[2019-07-01 11:00:22.619] [exthost] [info] ExtensionService#loadCommonJSModule /usr/share/code/resources/app/extensions/debug-auto-launch/dist/extension
[2019-07-01 11:00:22.623] [exthost] [info] ExtensionService#_doActivateExtension vscode.emmet {"startup":true,"activationEvent":"*"}
[2019-07-01 11:00:22.623] [exthost] [info] ExtensionService#loadCommonJSModule /usr/share/code/resources/app/extensions/emmet/dist/extension
[2019-07-01 11:00:22.630] [exthost] [info] ExtensionService#_doActivateExtension vscode.git {"startup":true,"activationEvent":"*"}
[2019-07-01 11:00:22.630] [exthost] [info] ExtensionService#loadCommonJSModule /usr/share/code/resources/app/extensions/git/dist/main
[2019-07-01 11:00:22.689] [exthost] [info] ExtensionService#_doActivateExtension vscode.merge-conflict {"startup":true,"activationEvent":"*"}
[2019-07-01 11:00:22.689] [exthost] [info] ExtensionService#loadCommonJSModule /usr/share/code/resources/app/extensions/merge-conflict/dist/extension
[2019-07-01 11:00:22.698] [exthost] [info] ExtensionService#_doActivateExtension dbaeumer.vscode-eslint {"startup":true,"activationEvent":"*"}
[2019-07-01 11:00:22.698] [exthost] [info] ExtensionService#loadCommonJSModule /home/prasanna/.vscode/extensions/dbaeumer.vscode-eslint-1.9.0/client/out/extension
[2019-07-01 11:00:22.716] [exthost] [info] ExtensionService#_doActivateExtension eamodio.gitlens {"startup":true,"activationEvent":"*"}
[2019-07-01 11:00:22.716] [exthost] [info] ExtensionService#loadCommonJSModule /home/prasanna/.vscode/extensions/eamodio.gitlens-9.8.2/dist/extension
[2019-07-01 11:00:22.786] [exthost] [info] ExtensionService#_doActivateExtension esbenp.prettier-vscode {"startup":true,"activationEvent":"*"}
[2019-07-01 11:00:22.786] [exthost] [info] ExtensionService#loadCommonJSModule /home/prasanna/.vscode/extensions/esbenp.prettier-vscode-1.9.0/out/src/extension
[2019-07-01 11:00:22.992] [exthost] [info] ExtensionService#_doActivateExtension ritwickdey.LiveServer {"startup":true,"activationEvent":"*"}
[2019-07-01 11:00:22.993] [exthost] [info] ExtensionService#loadCommonJSModule /home/prasanna/.vscode/extensions/ritwickdey.liveserver-5.6.1/out/src/extension
[2019-07-01 11:00:23.856] [exthost] [info] ExtensionService#_doActivateExtension WallabyJs.quokka-vscode {"startup":true,"activationEvent":"*"}
[2019-07-01 11:00:23.856] [exthost] [info] ExtensionService#loadCommonJSModule /home/prasanna/.vscode/extensions/wallabyjs.quokka-vscode-1.0.232/index
[2019-07-01 11:00:23.857] [exthost] [info] eager extensions activated
[2019-07-01 11:01:04.012] [exthost] [info] ExtensionService#_doActivateExtension vscode.extension-editing {"startup":false,"activationEvent":"onLanguage:typescript"}
[2019-07-01 11:01:04.012] [exthost] [info] ExtensionService#loadCommonJSModule /usr/share/code/resources/app/extensions/extension-editing/dist/extension
[2019-07-01 17:46:54.210] [exthost] [error] [vscode.typescript-language-features] provider FAILED
[2019-07-01 17:46:54.214] [exthost] [error] Error: TypeScript Server Error (3.5.1)
Debug Failure. Expected 955 <= 927
Error: Debug Failure. Expected 955 <= 927
    at Object.assertLessThanOrEqual (tsserver.js:2059:17)
    at Object.createFileDiagnostic (tsserver.js:15141:22)
    at getRangeToExtract (tsserver.js:118016:42)
    at Object.getAvailableActions (tsserver.js:117879:38)
    at tsserver.js:112870:128
    at getIterator (tsserver.js:627:23)
    at Object.next (tsserver.js:622:35)
    at Object.arrayFrom (tsserver.js:1255:32)
    at Object.getApplicableRefactors (tsserver.js:112869:23)
    at Object.getApplicableRefactors (tsserver.js:122632:32)
    at IOSession.Session.getApplicableRefactors (tsserver.js:131393:53)
    at Session.handlers.ts.createMapFromTemplate._a.(anonymous function) (tsserver.js:130211:61)
    at tsserver.js:131637:88
    at IOSession.Session.executeWithRequestId (tsserver.js:131628:28)
    at IOSession.Session.executeCommand (tsserver.js:131637:33)
    at IOSession.Session.onMessage (tsserver.js:131659:35)
    at Interface.<anonymous> (tsserver.js:132950:27)
    at Interface.emit (events.js:182:13)
    at Interface._onLine (readline.js:290:10)
    at Interface._normalWrite (readline.js:433:12)
    at Socket.ondata (readline.js:149:10)
    at Socket.emit (events.js:182:13)
    at addChunk (_stream_readable.js:279:12)
    at readableAddChunk (_stream_readable.js:264:11)
    at Socket.Readable.push (_stream_readable.js:219:10)
    at Pipe.onread (net.js:636:20)
	at Function.create (/usr/share/code/resources/app/extensions/typescript-language-features/dist/extension.js:1:197728)
	at v.dispatchResponse (/usr/share/code/resources/app/extensions/typescript-language-features/dist/extension.js:1:203096)
	at v.dispatchMessage (/usr/share/code/resources/app/extensions/typescript-language-features/dist/extension.js:1:201848)
	at constructor._reader.onData.e (/usr/share/code/resources/app/extensions/typescript-language-features/dist/extension.js:1:201204)
	at u.fire (/usr/share/code/resources/app/out/vs/workbench/services/extensions/node/extensionHostProcess.js:47:720)
	at t.Reader.onLengthData (/usr/share/code/resources/app/extensions/typescript-language-features/dist/extension.js:1:206508)
	at Socket.t.Reader.constructor.e.on.e (/usr/share/code/resources/app/extensions/typescript-language-features/dist/extension.js:1:206156)
	at Socket.emit (events.js:182:13)
	at addChunk (_stream_readable.js:279:12)
	at readableAddChunk (_stream_readable.js:264:11)
	at Socket.Readable.push (_stream_readable.js:219:10)
	at Pipe.onread (net.js:636:20)
[2019-07-01 17:46:54.539] [exthost] [error] [vscode.typescript-language-features] provider FAILED
[2019-07-01 17:46:54.540] [exthost] [error] Error: TypeScript Server Error (3.5.1)
Debug Failure. Expected 955 <= 927
Error: Debug Failure. Expected 955 <= 927
    at Object.assertLessThanOrEqual (tsserver.js:2059:17)
    at Object.createFileDiagnostic (tsserver.js:15141:22)
    at getRangeToExtract (tsserver.js:118016:42)
    at Object.getAvailableActions (tsserver.js:117879:38)
    at tsserver.js:112870:128
    at getIterator (tsserver.js:627:23)
    at Object.next (tsserver.js:622:35)
    at Object.arrayFrom (tsserver.js:1255:32)
    at Object.getApplicableRefactors (tsserver.js:112869:23)
    at Object.getApplicableRefactors (tsserver.js:122632:32)
    at IOSession.Session.getApplicableRefactors (tsserver.js:131393:53)
    at Session.handlers.ts.createMapFromTemplate._a.(anonymous function) (tsserver.js:130211:61)
    at tsserver.js:131637:88
    at IOSession.Session.executeWithRequestId (tsserver.js:131628:28)
    at IOSession.Session.executeCommand (tsserver.js:131637:33)
    at IOSession.Session.onMessage (tsserver.js:131659:35)
    at Interface.<anonymous> (tsserver.js:132950:27)
    at Interface.emit (events.js:182:13)
    at Interface._onLine (readline.js:290:10)
    at Interface._normalWrite (readline.js:433:12)
    at Socket.ondata (readline.js:149:10)
    at Socket.emit (events.js:182:13)
    at addChunk (_stream_readable.js:279:12)
    at readableAddChunk (_stream_readable.js:264:11)
    at Socket.Readable.push (_stream_readable.js:219:10)
    at Pipe.onread (net.js:636:20)
	at Function.create (/usr/share/code/resources/app/extensions/typescript-language-features/dist/extension.js:1:197728)
	at v.dispatchResponse (/usr/share/code/resources/app/extensions/typescript-language-features/dist/extension.js:1:203096)
	at v.dispatchMessage (/usr/share/code/resources/app/extensions/typescript-language-features/dist/extension.js:1:201848)
	at constructor._reader.onData.e (/usr/share/code/resources/app/extensions/typescript-language-features/dist/extension.js:1:201204)
	at u.fire (/usr/share/code/resources/app/out/vs/workbench/services/extensions/node/extensionHostProcess.js:47:720)
	at t.Reader.onLengthData (/usr/share/code/resources/app/extensions/typescript-language-features/dist/extension.js:1:206508)
	at Socket.t.Reader.constructor.e.on.e (/usr/share/code/resources/app/extensions/typescript-language-features/dist/extension.js:1:206156)
	at Socket.emit (events.js:182:13)
	at addChunk (_stream_readable.js:279:12)
	at readableAddChunk (_stream_readable.js:264:11)
	at Socket.Readable.push (_stream_readable.js:219:10)
	at Pipe.onread (net.js:636:20)
