[2019-06-26 10:18:41.339] [exthost] [info] extension host started
[2019-06-26 10:18:41.428] [exthost] [info] ExtensionService#_doActivateExtension vscode.emmet {"startup":false,"activationEvent":"onLanguage:html"}
[2019-06-26 10:18:41.428] [exthost] [info] ExtensionService#loadCommonJSModule /usr/share/code/resources/app/extensions/emmet/dist/extension
[2019-06-26 10:18:41.436] [exthost] [info] ExtensionService#_doActivateExtension vscode.html-language-features {"startup":false,"activationEvent":"onLanguage:html"}
[2019-06-26 10:18:41.436] [exthost] [info] ExtensionService#loadCommonJSModule /usr/share/code/resources/app/extensions/html-language-features/client/dist/htmlMain
[2019-06-26 10:18:41.467] [exthost] [info] ExtensionService#_doActivateExtension vscode.debug-auto-launch {"startup":true,"activationEvent":"*"}
[2019-06-26 10:18:41.467] [exthost] [info] ExtensionService#loadCommonJSModule /usr/share/code/resources/app/extensions/debug-auto-launch/dist/extension
[2019-06-26 10:18:41.471] [exthost] [info] ExtensionService#_doActivateExtension vscode.git {"startup":true,"activationEvent":"*"}
[2019-06-26 10:18:41.471] [exthost] [info] ExtensionService#loadCommonJSModule /usr/share/code/resources/app/extensions/git/dist/main
[2019-06-26 10:18:41.511] [exthost] [info] ExtensionService#_doActivateExtension vscode.merge-conflict {"startup":true,"activationEvent":"*"}
[2019-06-26 10:18:41.512] [exthost] [info] ExtensionService#loadCommonJSModule /usr/share/code/resources/app/extensions/merge-conflict/dist/extension
[2019-06-26 10:18:41.522] [exthost] [info] ExtensionService#_doActivateExtension dbaeumer.vscode-eslint {"startup":true,"activationEvent":"*"}
[2019-06-26 10:18:41.522] [exthost] [info] ExtensionService#loadCommonJSModule /home/prasanna/.vscode/extensions/dbaeumer.vscode-eslint-1.9.0/client/out/extension
[2019-06-26 10:18:41.535] [exthost] [info] ExtensionService#_doActivateExtension eamodio.gitlens {"startup":true,"activationEvent":"*"}
[2019-06-26 10:18:41.535] [exthost] [info] ExtensionService#loadCommonJSModule /home/prasanna/.vscode/extensions/eamodio.gitlens-9.8.2/dist/extension
[2019-06-26 10:18:41.591] [exthost] [info] ExtensionService#_doActivateExtension esbenp.prettier-vscode {"startup":true,"activationEvent":"*"}
[2019-06-26 10:18:41.591] [exthost] [info] ExtensionService#loadCommonJSModule /home/prasanna/.vscode/extensions/esbenp.prettier-vscode-1.9.0/out/src/extension
[2019-06-26 10:18:41.697] [exthost] [info] ExtensionService#_doActivateExtension ritwickdey.LiveServer {"startup":true,"activationEvent":"*"}
[2019-06-26 10:18:41.697] [exthost] [info] ExtensionService#loadCommonJSModule /home/prasanna/.vscode/extensions/ritwickdey.liveserver-5.6.1/out/src/extension
[2019-06-26 10:18:42.158] [exthost] [info] ExtensionService#_doActivateExtension WallabyJs.quokka-vscode {"startup":true,"activationEvent":"*"}
[2019-06-26 10:18:42.158] [exthost] [info] ExtensionService#loadCommonJSModule /home/prasanna/.vscode/extensions/wallabyjs.quokka-vscode-1.0.231/index
[2019-06-26 10:18:42.160] [exthost] [info] eager extensions activated
